<?xml version="1.0" encoding="utf-8"?><testsuites name="pytest tests"><testsuite name="pytest" errors="0" failures="1" skipped="0" tests="22" time="9.284" timestamp="2026-06-08T13:29:31.725852+00:00" hostname="agent-env-b7a38c2e-0cd0-44e3-a640-b8852acc4b46"><testcase classname="backend.tests.test_iter2.TestResolveIdentifier" name="test_resolve_email" time="0.171" /><testcase classname="backend.tests.test_iter2.TestResolveIdentifier" name="test_resolve_badge" time="0.499" /><testcase classname="backend.tests.test_iter2.TestResolveIdentifier" name="test_resolve_unknown_badge_404" time="0.450" /><testcase classname="backend.tests.test_iter2.TestResolveIdentifier" name="test_resolve_unknown_phone_404" time="0.564" /><testcase classname="backend.tests.test_iter2.TestMeExtended" name="test_me_has_promo_codes_and_tracking_link" time="1.203"><failure message="AssertionError: tracking_link missing from /me response&#10;assert 'tracking_link' in {'application': {'created_at': '2026-06-08T12:03:24.031158+00:00', 'email': 'yann.test-1780920203@example.com', 'full_name': 'Yann Kabongo', 'id': 24, ...}, 'email': 'yann.test-1780920203@example.com', 'profile': {'created_at': '2026-06-08T12:03:23.682189+00:00', 'email': 'yann.test-1780920203@example.com', 'email_verified': False, 'full_name': 'Yann Kabongo', ...}, 'promo_codes': [{'active': True, 'ambassador_id': '78dcfb4a-32af-4b29-8a85-dace5e585b63', 'code': 'YANNVSM10', 'created_at': '2026-06-08T13:19:38.64575+00:00', ...}], ...}">backend/tests/test_iter2.py:76: in test_me_has_promo_codes_and_tracking_link
    assert "tracking_link" in data, "tracking_link missing from /me response"
E   AssertionError: tracking_link missing from /me response
E   assert 'tracking_link' in {'application': {'created_at': '2026-06-08T12:03:24.031158+00:00', 'email': 'yann.test-1780920203@example.com', 'full_name': 'Yann Kabongo', 'id': 24, ...}, 'email': 'yann.test-1780920203@example.com', 'profile': {'created_at': '2026-06-08T12:03:23.682189+00:00', 'email': 'yann.test-1780920203@example.com', 'email_verified': False, 'full_name': 'Yann Kabongo', ...}, 'promo_codes': [{'active': True, 'ambassador_id': '78dcfb4a-32af-4b29-8a85-dace5e585b63', 'code': 'YANNVSM10', 'created_at': '2026-06-08T13:19:38.64575+00:00', ...}], ...}</failure></testcase><testcase classname="backend.tests.test_iter2.TestPush" name="test_public_key" time="0.142" /><testcase classname="backend.tests.test_iter2.TestPush" name="test_subscribe_requires_auth" time="0.124" /><testcase classname="backend.tests.test_iter2.TestPush" name="test_subscribe_with_auth" time="0.472" /><testcase classname="backend.tests.test_iter2.TestNotifyApproval" name="test_requires_auth" time="0.110" /><testcase classname="backend.tests.test_iter2.TestNotifyApproval" name="test_approved_user_returns_ok" time="0.498" /><testcase classname="backend.tests.test_iter2.TestTracking" name="test_track_known_slug" time="0.444" /><testcase classname="backend.tests.test_iter2.TestTracking" name="test_track_unknown_slug_still_returns_fallback_target" time="0.309" /><testcase classname="backend.tests.backend_test.TestHealth" name="test_health_ok" time="0.172" /><testcase classname="backend.tests.backend_test.TestHealth" name="test_root" time="0.110" /><testcase classname="backend.tests.backend_test.TestApply" name="test_apply_invalid_email_returns_422" time="0.115" /><testcase classname="backend.tests.backend_test.TestApply" name="test_apply_missing_required_field_returns_422" time="0.103" /><testcase classname="backend.tests.backend_test.TestApply" name="test_apply_short_password_returns_422" time="0.140" /><testcase classname="backend.tests.backend_test.TestApply" name="test_apply_valid_creates_user" time="0.844" /><testcase classname="backend.tests.backend_test.TestApply" name="test_apply_existing_email_is_idempotent" time="0.691" /><testcase classname="backend.tests.backend_test.TestMe" name="test_me_no_auth_returns_401" time="0.123" /><testcase classname="backend.tests.backend_test.TestMe" name="test_me_bad_token_returns_401" time="0.317" /><testcase classname="backend.tests.backend_test.TestMe" name="test_me_with_valid_token_returns_profile" time="1.579" /></testsuite></testsuites>