<?xml version="1.0" encoding="utf-8"?><testsuites name="pytest tests"><testsuite name="pytest" errors="0" failures="0" skipped="0" tests="10" time="4.295" timestamp="2026-06-08T12:14:23.340727+00:00" hostname="agent-env-b7a38c2e-0cd0-44e3-a640-b8852acc4b46"><testcase classname="backend.tests.backend_test.TestHealth" name="test_health_ok" time="0.233" /><testcase classname="backend.tests.backend_test.TestHealth" name="test_root" time="0.111" /><testcase classname="backend.tests.backend_test.TestApply" name="test_apply_invalid_email_returns_422" time="0.105" /><testcase classname="backend.tests.backend_test.TestApply" name="test_apply_missing_required_field_returns_422" time="0.130" /><testcase classname="backend.tests.backend_test.TestApply" name="test_apply_short_password_returns_422" time="0.107" /><testcase classname="backend.tests.backend_test.TestApply" name="test_apply_valid_creates_user" time="1.011" /><testcase classname="backend.tests.backend_test.TestApply" name="test_apply_existing_email_is_idempotent" time="1.014" /><testcase classname="backend.tests.backend_test.TestMe" name="test_me_no_auth_returns_401" time="0.108" /><testcase classname="backend.tests.backend_test.TestMe" name="test_me_bad_token_returns_401" time="0.298" /><testcase classname="backend.tests.backend_test.TestMe" name="test_me_with_valid_token_returns_profile" time="1.096" /></testsuite></testsuites>